<?xml version="1.0" encoding="UTF-8"?>
<!-- Generated by org.testng.reporters.JUnitXMLReporter -->
<testsuite ignored="2" hostname="IND-CHN-LT10934" failures="0" tests="2" name="Test" time="199.299" errors="0" timestamp="2023-05-23T11:15:45 IST">
  <testcase classname="com.qa.dt.test.ItemServices.ItemServicesTest" name="verifyItemServicesTable" time="108.853"/>
  <testcase classname="com.qa.dt.test.PassportServices.Workspaces.WorkspaceRegression" name="verifyWorkspaceUpdatedOrNot" time="29.242"/>
  <testcase classname="com.qa.dt.base.BaseClass" name="@AfterSuite endReport" time="0.0">
    <ignored/>
  </testcase> <!-- @AfterSuite endReport -->
  <testcase classname="com.qa.dt.base.BaseClass" name="@BeforeSuite startReport" time="0.0">
    <ignored/>
  </testcase> <!-- @BeforeSuite startReport -->
</testsuite> <!-- Test -->
