<?xml version="1.0" encoding="UTF-8"?>
<testng-results ignored="0" total="1" passed="1" failed="0" skipped="0">
  <reporter-output>
  </reporter-output>
  <suite started-at="2023-06-27T12:51:20 IST" name="Default suite" finished-at="2023-06-27T12:52:15 IST" duration-ms="54365">
    <groups>
    </groups>
    <test started-at="2023-06-27T12:51:20 IST" name="Default test" finished-at="2023-06-27T12:52:15 IST" duration-ms="54365">
      <class name="com.qa.dt.test.V2.PassportServices.UserGroups.userGroupsRegression">
        <test-method is-config="true" signature="startReport()[pri:0, instance:com.qa.dt.test.V2.PassportServices.UserGroups.userGroupsRegression@59f63e24]" started-at="2023-06-27T12:51:20 IST" name="startReport" finished-at="2023-06-27T12:51:20 IST" duration-ms="361" status="PASS">
          <reporter-output>
          </reporter-output>
        </test-method> <!-- startReport -->
        <test-method is-config="true" signature="precondition()[pri:0, instance:com.qa.dt.test.V2.PassportServices.UserGroups.userGroupsRegression@59f63e24]" started-at="2023-06-27T12:51:20 IST" name="precondition" finished-at="2023-06-27T12:51:20 IST" duration-ms="124" status="PASS">
          <reporter-output>
          </reporter-output>
        </test-method> <!-- precondition -->
        <test-method is-config="true" signature="loginTheApplication()[pri:0, instance:com.qa.dt.test.V2.PassportServices.UserGroups.userGroupsRegression@59f63e24]" started-at="2023-06-27T12:51:20 IST" name="loginTheApplication" finished-at="2023-06-27T12:51:36 IST" duration-ms="15235" status="PASS">
          <reporter-output>
          </reporter-output>
        </test-method> <!-- loginTheApplication -->
        <test-method signature="validateWorkspaceCreated()[pri:1, instance:com.qa.dt.test.V2.PassportServices.UserGroups.userGroupsRegression@59f63e24]" started-at="2023-06-27T12:51:36 IST" name="validateWorkspaceCreated" finished-at="2023-06-27T12:52:10 IST" duration-ms="34871" status="PASS">
          <reporter-output>
          </reporter-output>
        </test-method> <!-- validateWorkspaceCreated -->
        <test-method is-config="true" signature="tearDown()[pri:0, instance:com.qa.dt.test.V2.PassportServices.UserGroups.userGroupsRegression@59f63e24]" started-at="2023-06-27T12:52:10 IST" name="tearDown" finished-at="2023-06-27T12:52:15 IST" duration-ms="4076" status="PASS">
          <reporter-output>
          </reporter-output>
        </test-method> <!-- tearDown -->
        <test-method is-config="true" signature="endReport()[pri:0, instance:com.qa.dt.test.V2.PassportServices.UserGroups.userGroupsRegression@59f63e24]" started-at="2023-06-27T12:52:15 IST" name="endReport" finished-at="2023-06-27T12:52:15 IST" duration-ms="441" status="PASS">
          <reporter-output>
          </reporter-output>
        </test-method> <!-- endReport -->
      </class> <!-- com.qa.dt.test.V2.PassportServices.UserGroups.userGroupsRegression -->
    </test> <!-- Default test -->
  </suite> <!-- Default suite -->
</testng-results>
